<?xml version="1.0" encoding="utf-8"?><testsuites name="pytest tests"><testsuite name="pytest" errors="0" failures="0" skipped="0" tests="26" time="30.990" timestamp="2026-06-06T18:40:43.970936+00:00" hostname="agent-env-b685b1c6-60ed-4fbe-864e-30cca78144b7"><testcase classname="tests.backend_test" name="test_root" time="0.175" /><testcase classname="tests.backend_test" name="test_list_guides_returns_8" time="0.108" /><testcase classname="tests.backend_test" name="test_get_guide_detail" time="0.112" /><testcase classname="tests.backend_test" name="test_get_guide_not_found" time="0.155" /><testcase classname="tests.backend_test" name="test_auth_me_unauthenticated" time="0.155" /><testcase classname="tests.backend_test" name="test_auth_me_authenticated" time="0.130" /><testcase classname="tests.backend_test" name="test_auth_session_invalid" time="0.215" /><testcase classname="tests.backend_test" name="test_reminders_unauthenticated" time="0.105" /><testcase classname="tests.backend_test" name="test_reminders_crud" time="0.545" /><testcase classname="tests.backend_test" name="test_chat_unauthenticated" time="0.108" /><testcase classname="tests.backend_test" name="test_chat_first_message" time="10.227" /><testcase classname="tests.backend_test" name="test_chat_second_message_keeps_history" time="8.317" /><testcase classname="tests.backend_test" name="test_chat_sessions_list" time="0.145" /><testcase classname="tests.backend_test" name="test_chat_session_messages" time="0.118" /><testcase classname="tests.backend_test" name="test_chat_sessions_unauthenticated" time="0.113" /><testcase classname="tests.test_premium" name="test_packages_public_no_auth" time="0.108" /><testcase classname="tests.test_premium" name="test_me_usage_requires_auth" time="0.109" /><testcase classname="tests.test_premium" name="test_me_usage_free_user_defaults" time="0.126" /><testcase classname="tests.test_premium" name="test_auth_me_includes_premium_flag" time="0.148" /><testcase classname="tests.test_premium" name="test_checkout_requires_auth" time="0.107" /><testcase classname="tests.test_premium" name="test_checkout_invalid_package" time="0.107" /><testcase classname="tests.test_premium" name="test_checkout_success_creates_transaction" time="1.092" /><testcase classname="tests.test_premium" name="test_payment_status_requires_auth" time="0.108" /><testcase classname="tests.test_premium" name="test_chat_free_tier_blocked_at_limit" time="0.244" /><testcase classname="tests.test_premium" name="test_chat_premium_bypasses_limit" time="4.764" /><testcase classname="tests.test_premium" name="test_chat_free_tier_under_limit_works" time="3.053" /></testsuite></testsuites>