<?xml version="1.0" encoding="utf-8"?><testsuites name="pytest tests"><testsuite name="pytest" errors="0" failures="0" skipped="0" tests="15" time="17.805" timestamp="2026-06-05T20:38:06.217158+00:00" hostname="agent-env-b685b1c6-60ed-4fbe-864e-30cca78144b7"><testcase classname="backend.tests.backend_test" name="test_root" time="0.156" /><testcase classname="backend.tests.backend_test" name="test_list_guides_returns_8" time="0.115" /><testcase classname="backend.tests.backend_test" name="test_get_guide_detail" time="0.116" /><testcase classname="backend.tests.backend_test" name="test_get_guide_not_found" time="0.146" /><testcase classname="backend.tests.backend_test" name="test_auth_me_unauthenticated" time="0.105" /><testcase classname="backend.tests.backend_test" name="test_auth_me_authenticated" time="0.117" /><testcase classname="backend.tests.backend_test" name="test_auth_session_invalid" time="0.233" /><testcase classname="backend.tests.backend_test" name="test_reminders_unauthenticated" time="0.129" /><testcase classname="backend.tests.backend_test" name="test_reminders_crud" time="0.615" /><testcase classname="backend.tests.backend_test" name="test_chat_unauthenticated" time="0.135" /><testcase classname="backend.tests.backend_test" name="test_chat_first_message" time="9.839" /><testcase classname="backend.tests.backend_test" name="test_chat_second_message_keeps_history" time="5.641" /><testcase classname="backend.tests.backend_test" name="test_chat_sessions_list" time="0.141" /><testcase classname="backend.tests.backend_test" name="test_chat_session_messages" time="0.113" /><testcase classname="backend.tests.backend_test" name="test_chat_sessions_unauthenticated" time="0.116" /></testsuite></testsuites>