<?xml version="1.0" encoding="utf-8"?><testsuites name="pytest tests"><testsuite name="pytest" errors="0" failures="0" skipped="0" tests="11" time="10.152" timestamp="2026-06-05T20:37:50.339427+00:00" hostname="agent-env-b685b1c6-60ed-4fbe-864e-30cca78144b7"><testcase classname="backend.tests.test_premium" name="test_packages_public_no_auth" time="0.292" /><testcase classname="backend.tests.test_premium" name="test_me_usage_requires_auth" time="0.109" /><testcase classname="backend.tests.test_premium" name="test_me_usage_free_user_defaults" time="0.176" /><testcase classname="backend.tests.test_premium" name="test_auth_me_includes_premium_flag" time="0.128" /><testcase classname="backend.tests.test_premium" name="test_checkout_requires_auth" time="0.108" /><testcase classname="backend.tests.test_premium" name="test_checkout_invalid_package" time="0.129" /><testcase classname="backend.tests.test_premium" name="test_checkout_success_creates_transaction" time="0.997" /><testcase classname="backend.tests.test_premium" name="test_payment_status_requires_auth" time="0.157" /><testcase classname="backend.tests.test_premium" name="test_chat_free_tier_blocked_at_limit" time="0.232" /><testcase classname="backend.tests.test_premium" name="test_chat_premium_bypasses_limit" time="4.812" /><testcase classname="backend.tests.test_premium" name="test_chat_free_tier_under_limit_works" time="2.864" /></testsuite></testsuites>