<?xml version="1.0" encoding="utf-8"?><testsuites name="pytest tests"><testsuite name="pytest" errors="0" failures="0" skipped="0" tests="15" time="20.555" timestamp="2026-06-05T06:55:06.629134+00:00" hostname="agent-env-b685b1c6-60ed-4fbe-864e-30cca78144b7"><testcase classname="backend.tests.backend_test" name="test_root" time="0.211" /><testcase classname="backend.tests.backend_test" name="test_list_guides_returns_8" time="0.110" /><testcase classname="backend.tests.backend_test" name="test_get_guide_detail" time="0.109" /><testcase classname="backend.tests.backend_test" name="test_get_guide_not_found" time="0.112" /><testcase classname="backend.tests.backend_test" name="test_auth_me_unauthenticated" time="0.108" /><testcase classname="backend.tests.backend_test" name="test_auth_me_authenticated" time="0.138" /><testcase classname="backend.tests.backend_test" name="test_auth_session_invalid" time="0.206" /><testcase classname="backend.tests.backend_test" name="test_reminders_unauthenticated" time="0.102" /><testcase classname="backend.tests.backend_test" name="test_reminders_crud" time="0.577" /><testcase classname="backend.tests.backend_test" name="test_chat_unauthenticated" time="0.101" /><testcase classname="backend.tests.backend_test" name="test_chat_first_message" time="9.557" /><testcase classname="backend.tests.backend_test" name="test_chat_second_message_keeps_history" time="8.690" /><testcase classname="backend.tests.backend_test" name="test_chat_sessions_list" time="0.143" /><testcase classname="backend.tests.backend_test" name="test_chat_session_messages" time="0.108" /><testcase classname="backend.tests.backend_test" name="test_chat_sessions_unauthenticated" time="0.137" /></testsuite></testsuites>